  pch.cpp
  ArchiveReader.cpp
  CrossFeedFilter.cpp
  Equalizer.cpp
  HermiteResampler.cpp
  ReverbFilter.cpp
  StereoCombFilter.cpp
  StereoDelayFilter.cpp
  StereoPanningFilter.cpp
  WavReader.cpp
  blip_buf.cpp
  stb_vorbis.cpp
  AutoResetEvent.cpp
  CRC32.cpp
  FolderUtilities.cpp
  HexUtilities.cpp
  nes_ntsc.cpp
  sms_ntsc.cpp
  snes_ntsc.cpp
  PNGHelper.cpp
  BpsPatcher.cpp
  IpsPatcher.cpp
  UpsPatcher.cpp
  PlatformUtilities.cpp
  SZReader.cpp
  Serializer.cpp
  SimpleLock.cpp
  Socket.cpp
  Timer.cpp
  UPnPPortMapper.cpp
  UTF8Util.cpp
  AviRecorder.cpp
  AviWriter.cpp
  CamstudioCodec.cpp
  GifRecorder.cpp
  ZmbvCodec.cpp
  VirtualFile.cpp
  ZipReader.cpp
  ZipWriter.cpp
  md5.cpp
  sha1.cpp
  Utilities.vcxproj -> C:\Users\Christian\Git-Projekte\nesbag2_2.0.0\bin\win-x64\Release\Utilities.lib
