  pch.cpp
  ArchiveReader.cpp
  blip_buf.cpp
  CrossFeedFilter.cpp
  Equalizer.cpp
  HermiteResampler.cpp
  ReverbFilter.cpp
  stb_vorbis.cpp
  StereoCombFilter.cpp
  StereoDelayFilter.cpp
  StereoPanningFilter.cpp
  WavReader.cpp
  CRC32.cpp
  FolderUtilities.cpp
  HexUtilities.cpp
  md5.cpp
  nes_ntsc.cpp
  sms_ntsc.cpp
  snes_ntsc.cpp
  BpsPatcher.cpp
  IpsPatcher.cpp
  UpsPatcher.cpp
  PlatformUtilities.cpp
  PNGHelper.cpp
  AutoResetEvent.cpp
  Serializer.cpp
  sha1.cpp
  SimpleLock.cpp
  Socket.cpp
  SZReader.cpp
  Timer.cpp
  UPnPPortMapper.cpp
  UTF8Util.cpp
  AviRecorder.cpp
  AviWriter.cpp
  CamstudioCodec.cpp
  GifRecorder.cpp
  ZmbvCodec.cpp
  VirtualFile.cpp
  ZipReader.cpp
  ZipWriter.cpp
  ymfm_adpcm.cpp
  ymfm_misc.cpp
  ymfm_opn.cpp
  ymfm_ssg.cpp
  hq2x.cpp
  hq3x.cpp
  hq4x.cpp
  init.cpp
  2xSai.cpp
  Super2xSai.cpp
  SuperEagle.cpp
  miniz.cpp
  scale2x.cpp
  scale3x.cpp
  scalebit.cpp
  xbrz.cpp
  spng.c
  Utilities.vcxproj -> C:\Users\Christian\Git-Projekte\nesbag2_2.0.0\bin\win-x64\PGO Profile\Utilities.lib
