  auxiliar.c
  buffer.c
  compat.c
  except.c
  inet.c
  io.c
  lapi.c
  lauxlib.c
  lbaselib.c
  lbitlib.c
  lcode.c
  lcorolib.c
  lctype.c
  ldblib.c
  ldebug.c
  ldo.c
  ldump.c
  lfunc.c
  lgc.c
  linit.c
  Kompilieren...
  liolib.c
  llex.c
  lmathlib.c
  lmem.c
  loadlib.c
  lobject.c
  lopcodes.c
  loslib.c
  lparser.c
  lstate.c
  lstring.c
  lstrlib.c
  ltable.c
  ltablib.c
  ltm.c
  luasocket.c
  lundump.c
  lutf8lib.c
  lvm.c
  lzio.c
  Kompilieren...
  mime.c
  options.c
  select.c
  tcp.c
  timeout.c
  udp.c
  usocket.c
  wsocket.c
  Lua.vcxproj -> C:\Users\Christian\Git-Projekte\nesbag2_2.0.0\bin\win-x64\Release\Lua.lib
